<?xml version="1.0" encoding="UTF-8"?>
<!-- Generated by org.testng.reporters.JUnitReportReporter -->
<testsuite hostname="Sidharth_Dugane" failures="0" tests="4" name="co.testngpractice.SkippingTestCases" time="0.015" errors="0" timestamp="2022-09-02T23:36:53 IST" skipped="2">
  <testcase classname="co.testngpractice.SkippingTestCases" name="Test3" time="0.008"/>
  <system-out/>
  <testcase classname="co.testngpractice.SkippingTestCases" name="Test2" time="0.004">
    <skipped/>
  </testcase> <!-- Test2 -->
  <system-out/>
  <testcase classname="co.testngpractice.SkippingTestCases" name="Test4" time="0.003"/>
  <system-out/>
  <testcase classname="co.testngpractice.SkippingTestCases" name="Test1">
    <skipped/>
  </testcase> <!-- Test1 -->
  <system-out/>
</testsuite> <!-- co.testngpractice.SkippingTestCases -->
