<?xml version="1.0" encoding="UTF-8"?>
<!-- Generated by org.testng.reporters.JUnitReportReporter -->
<testsuite hostname="Sidharth_Dugane" failures="0" tests="4" name="ScreenShot.MultiScreenshot" time="99.909" errors="0" timestamp="2022-09-15T11:37:55 IST" skipped="1">
  <testcase classname="ScreenShot.MultiScreenshot" name="screen" time="37.237"/>
  <system-out/>
  <testcase classname="ScreenShot.MultiScreenshot" name="screenshotofSectionInapage" time="37.611"/>
  <system-out/>
  <testcase classname="ScreenShot.MultiScreenshot" name="logo" time="25.061"/>
  <system-out/>
  <testcase classname="ScreenShot.MultiScreenshot" name="specificwebelement">
    <skipped/>
  </testcase> <!-- specificwebelement -->
  <system-out/>
</testsuite> <!-- ScreenShot.MultiScreenshot -->
