<?xml version="1.0" encoding="UTF-8"?>
<!-- Generated by org.testng.reporters.JUnitReportReporter -->
<testsuite hostname="Sidharth_Dugane" failures="0" tests="4" name="co.testngpractice.TestPractice1" time="0.076" errors="0" timestamp="2022-08-28T11:44:01 IST" skipped="0">
  <testcase classname="co.testngpractice.TestPractice1" name="Test1" time="0.034"/>
  <system-out/>
  <testcase classname="co.testngpractice.TestPractice1" name="Test2" time="0.014"/>
  <system-out/>
  <testcase classname="co.testngpractice.TestPractice1" name="Test4" time="0.013"/>
  <system-out/>
  <testcase classname="co.testngpractice.TestPractice1" name="Test3" time="0.015"/>
  <system-out/>
</testsuite> <!-- co.testngpractice.TestPractice1 -->
