<?xml version="1.0" encoding="UTF-8"?>
<!-- Generated by org.testng.reporters.JUnitReportReporter -->
<testsuite hostname="Sidharth_Dugane" failures="0" tests="4" name="co.testngpractice.AddingPriorities" time="0.028" errors="0" timestamp="2022-09-02T23:36:53 IST" skipped="0">
  <testcase classname="co.testngpractice.AddingPriorities" name="Test4" time="0.012"/>
  <system-out/>
  <testcase classname="co.testngpractice.AddingPriorities" name="Test3" time="0.007"/>
  <system-out/>
  <testcase classname="co.testngpractice.AddingPriorities" name="Test2" time="0.004"/>
  <system-out/>
  <testcase classname="co.testngpractice.AddingPriorities" name="Test1" time="0.005"/>
  <system-out/>
</testsuite> <!-- co.testngpractice.AddingPriorities -->
