<?xml version="1.0" encoding="UTF-8"?>
<!-- Generated by org.testng.reporters.JUnitReportReporter -->
<testsuite hostname="Sidharth_Dugane" failures="0" tests="4" name="Dataprovider.DataProviderDemoTest" time="46.441" errors="0" timestamp="2022-09-10T22:22:40 IST" skipped="0">
  <testcase classname="Dataprovider.DataProviderDemoTest" name="DataSet" time="15.490"/>
  <system-out/>
  <testcase classname="Dataprovider.DataProviderDemoTest" name="DataSet" time="7.594"/>
  <system-out/>
  <testcase classname="Dataprovider.DataProviderDemoTest" name="DataSet" time="8.765"/>
  <system-out/>
  <testcase classname="Dataprovider.DataProviderDemoTest" name="DataSet" time="14.592"/>
  <system-out/>
</testsuite> <!-- Dataprovider.DataProviderDemoTest -->
