<?xml version="1.0" encoding="UTF-8"?>
<!-- Generated by org.testng.reporters.JUnitReportReporter -->
<testsuite hostname="Sidharth_Dugane" failures="0" tests="4" name="co.testngpractice.SampleTestCases" time="0.069" errors="0" timestamp="2022-09-02T23:36:53 IST" skipped="0">
  <testcase classname="co.testngpractice.SampleTestCases" name="Test1" time="0.036"/>
  <system-out/>
  <testcase classname="co.testngpractice.SampleTestCases" name="Test3" time="0.009"/>
  <system-out/>
  <testcase classname="co.testngpractice.SampleTestCases" name="Test4" time="0.022"/>
  <system-out/>
  <testcase classname="co.testngpractice.SampleTestCases" name="Test2" time="0.002"/>
  <system-out/>
</testsuite> <!-- co.testngpractice.SampleTestCases -->
