<?xml version="1.0" encoding="UTF-8"?>
<!-- Generated by org.testng.reporters.JUnitReportReporter -->
<testsuite hostname="Sidharth_Dugane" failures="0" tests="4" name="co.testngpractice.Groupings" time="0.076" errors="0" timestamp="2022-09-02T23:36:53 IST" skipped="0">
  <testcase classname="co.testngpractice.Groupings" name="mytest1" time="0.024"/>
  <system-out/>
  <testcase classname="co.testngpractice.Groupings" name="mytest4" time="0.019"/>
  <system-out/>
  <testcase classname="co.testngpractice.Groupings" name="mytest2" time="0.015"/>
  <system-out/>
  <testcase classname="co.testngpractice.Groupings" name="mytest3" time="0.018"/>
  <system-out/>
</testsuite> <!-- co.testngpractice.Groupings -->
