<?xml version="1.0" encoding="UTF-8"?>
<!-- Generated by org.testng.reporters.JUnitReportReporter -->
<testsuite hostname="Sidharth_Dugane" failures="0" tests="1" name="Test.testngtest" time="0.142" errors="0" timestamp="2022-08-21T11:32:35 IST" skipped="0">
  <testcase classname="Test.testngtest" name="add" time="0.142"/>
  <system-out/>
</testsuite> <!-- Test.testngtest -->
