<?xml version="1.0" encoding="UTF-8"?>
<!-- Generated by org.testng.reporters.JUnitReportReporter -->
<testsuite hostname="Sidharth_Dugane" failures="0" tests="2" name="crossbrowsertest.CrossBrowserTesting" time="91.906" errors="0" timestamp="2022-09-10T22:43:59 IST" skipped="0">
  <testcase classname="crossbrowsertest.CrossBrowserTesting" name="verifytitle" time="46.312"/>
  <system-out/>
  <testcase classname="crossbrowsertest.CrossBrowserTesting" name="verifytitle" time="45.594"/>
  <system-out/>
</testsuite> <!-- crossbrowsertest.CrossBrowserTesting -->
