<?xml version="1.0" encoding="UTF-8"?>
<!-- Generated by org.testng.reporters.JUnitReportReporter -->
<testsuite hostname="Sidharth_Dugane" failures="0" tests="1" name="Selenium.Locators" time="21.444" errors="0" timestamp="2022-09-16T00:21:10 IST" skipped="0">
  <testcase classname="Selenium.Locators" name="locator" time="21.444"/>
  <system-out/>
</testsuite> <!-- Selenium.Locators -->
